<?xml version="1.0" encoding="UTF-8"?>
<!-- Generated by org.testng.reporters.JUnitXMLReporter -->
<testsuite hostname="GML1GKIRCA" ignored="0" tests="4" failures="0" timestamp="27 Eki 2022 19:48:55 GMT" time="47.853" errors="0">
  <testcase name="displayTest" time="1.492" classname="SelendroidTest"/>
  <testcase name="focusClick" time="1.346" classname="SelendroidTest"/>
  <testcase name="registerClick" time="14.669" classname="SelendroidTest"/>
  <testcase name="zEnClick" time="4.585" classname="SelendroidTest"/>
</testsuite>
