<?xml version="1.0" encoding="UTF-8"?>
<!-- Generated by org.testng.reporters.JUnitXMLReporter -->
<testsuite hostname="GML1GKIRCA" ignored="0" tests="4" failures="0" timestamp="27 Eki 2022 15:35:05 GMT" time="52.941" errors="0">
  <testcase name="displayTest" time="1.946" classname="SelendroidTest"/>
  <testcase name="focusClick" time="1.487" classname="SelendroidTest"/>
  <testcase name="registerClick" time="17.256" classname="SelendroidTest"/>
  <testcase name="zEnClick" time="5.266" classname="SelendroidTest"/>
</testsuite>
