<?xml version="1.0" encoding="UTF-8"?>
<testng-results skipped="0" failed="0" ignored="0" total="4" passed="4">
  <reporter-output>
  </reporter-output>
  <suite name="Surefire suite" duration-ms="52941" started-at="2022-10-27T15:34:12Z" finished-at="2022-10-27T15:35:05Z">
    <groups>
    </groups>
    <test name="Surefire test" duration-ms="52941" started-at="2022-10-27T15:34:12Z" finished-at="2022-10-27T15:35:05Z">
      <class name="SelendroidTest">
        <test-method status="PASS" signature="setup()[pri:0, instance:SelendroidTest@2c9f9fb0]" name="setup" is-config="true" duration-ms="24380" started-at="2022-10-27T15:34:12Z" finished-at="2022-10-27T15:34:36Z">
          <reporter-output>
          </reporter-output>
        </test-method> <!-- setup -->
        <test-method status="PASS" signature="displayTest()[pri:0, instance:SelendroidTest@2c9f9fb0]" name="displayTest" duration-ms="1946" started-at="2022-10-27T15:34:36Z" finished-at="2022-10-27T15:34:38Z">
          <reporter-output>
          </reporter-output>
        </test-method> <!-- displayTest -->
        <test-method status="PASS" signature="focusClick()[pri:0, instance:SelendroidTest@2c9f9fb0]" name="focusClick" duration-ms="1487" started-at="2022-10-27T15:34:38Z" finished-at="2022-10-27T15:34:40Z">
          <reporter-output>
          </reporter-output>
        </test-method> <!-- focusClick -->
        <test-method status="PASS" signature="registerClick()[pri:0, instance:SelendroidTest@2c9f9fb0]" name="registerClick" duration-ms="17256" started-at="2022-10-27T15:34:40Z" finished-at="2022-10-27T15:34:57Z">
          <reporter-output>
          </reporter-output>
        </test-method> <!-- registerClick -->
        <test-method status="PASS" signature="zEnClick()[pri:0, instance:SelendroidTest@2c9f9fb0]" name="zEnClick" duration-ms="5266" started-at="2022-10-27T15:34:57Z" finished-at="2022-10-27T15:35:02Z">
          <reporter-output>
          </reporter-output>
        </test-method> <!-- zEnClick -->
        <test-method status="PASS" signature="teardown()[pri:0, instance:SelendroidTest@2c9f9fb0]" name="teardown" is-config="true" duration-ms="2537" started-at="2022-10-27T15:35:02Z" finished-at="2022-10-27T15:35:05Z">
          <reporter-output>
          </reporter-output>
        </test-method> <!-- teardown -->
      </class> <!-- SelendroidTest -->
    </test> <!-- Surefire test -->
  </suite> <!-- Surefire suite -->
</testng-results>
